2020-03-29 06:02:55.258  INFO 1 --- [main] c.t.TransactionProcessorApplication      : Starting TransactionProcessorApplication v0.0.1-SNAPSHOT on b1db342a1da0 with PID 1 (/app.war started by root in /)
2020-03-29 06:02:55.302 DEBUG 1 --- [main] c.t.TransactionProcessorApplication      : Running with Spring Boot v2.2.6.RELEASE, Spring v5.2.5.RELEASE
2020-03-29 06:02:55.323  INFO 1 --- [main] c.t.TransactionProcessorApplication      : No active profile set, falling back to default profiles: default
2020-03-29 06:02:59.731  INFO 1 --- [main] .s.d.r.c.RepositoryConfigurationDelegate : Bootstrapping Spring Data JPA repositories in DEFAULT mode.
2020-03-29 06:03:00.085  INFO 1 --- [main] .s.d.r.c.RepositoryConfigurationDelegate : Finished Spring Data repository scanning in 303ms. Found 4 JPA repository interfaces.
2020-03-29 06:03:03.890  INFO 1 --- [main] o.s.b.w.embedded.tomcat.TomcatWebServer  : Tomcat initialized with port(s): 8080 (http)
2020-03-29 06:03:03.970  INFO 1 --- [main] o.apache.catalina.core.StandardService   : Starting service [Tomcat]
2020-03-29 06:03:03.978  INFO 1 --- [main] org.apache.catalina.core.StandardEngine  : Starting Servlet engine: [Apache Tomcat/9.0.33]
2020-03-29 06:03:12.772  INFO 1 --- [main] org.apache.jasper.servlet.TldScanner     : At least one JAR was scanned for TLDs yet contained no TLDs. Enable debug logging for this logger for a complete list of JARs that were scanned but no TLDs were found in them. Skipping unneeded JARs during scanning can improve startup time and JSP compilation time.
2020-03-29 06:03:14.588  INFO 1 --- [main] o.a.c.c.C.[Tomcat].[localhost].[/]       : Initializing Spring embedded WebApplicationContext
2020-03-29 06:03:14.594  INFO 1 --- [main] o.s.web.context.ContextLoader            : Root WebApplicationContext: initialization completed in 18884 ms
2020-03-29 06:03:16.330  INFO 1 --- [main] com.zaxxer.hikari.HikariDataSource       : HikariPool-1 - Starting...
2020-03-29 06:03:16.963  INFO 1 --- [main] com.zaxxer.hikari.HikariDataSource       : HikariPool-1 - Start completed.
2020-03-29 06:03:17.385  INFO 1 --- [main] o.hibernate.jpa.internal.util.LogHelper  : HHH000204: Processing PersistenceUnitInfo [name: default]
2020-03-29 06:03:17.764  INFO 1 --- [main] org.hibernate.Version                    : HHH000412: Hibernate ORM core version 5.4.12.Final
2020-03-29 06:03:18.306  INFO 1 --- [main] o.hibernate.annotations.common.Version   : HCANN000001: Hibernate Commons Annotations {5.1.0.Final}
2020-03-29 06:03:18.943  INFO 1 --- [main] org.hibernate.dialect.Dialect            : HHH000400: Using dialect: org.hibernate.dialect.PostgreSQL10Dialect
2020-03-29 06:03:22.266  INFO 1 --- [main] o.h.e.t.j.p.i.JtaPlatformInitiator       : HHH000490: Using JtaPlatform implementation: [org.hibernate.engine.transaction.jta.platform.internal.NoJtaPlatform]
2020-03-29 06:03:22.348  INFO 1 --- [main] j.LocalContainerEntityManagerFactoryBean : Initialized JPA EntityManagerFactory for persistence unit 'default'
2020-03-29 06:03:24.585  WARN 1 --- [main] JpaBaseConfiguration$JpaWebConfiguration : spring.jpa.open-in-view is enabled by default. Therefore, database queries may be performed during view rendering. Explicitly configure spring.jpa.open-in-view to disable this warning
2020-03-29 06:03:25.346  INFO 1 --- [main] o.s.s.concurrent.ThreadPoolTaskExecutor  : Initializing ExecutorService 'applicationTaskExecutor'
2020-03-29 06:03:26.758  INFO 1 --- [main] o.s.b.w.embedded.tomcat.TomcatWebServer  : Tomcat started on port(s): 8080 (http) with context path ''
2020-03-29 06:03:26.784  INFO 1 --- [main] c.t.TransactionProcessorApplication      : Started TransactionProcessorApplication in 35.538 seconds (JVM running for 39.031)
2020-03-29 06:12:21.660  INFO 1 --- [SpringContextShutdownHook] o.s.s.concurrent.ThreadPoolTaskExecutor  : Shutting down ExecutorService 'applicationTaskExecutor'
2020-03-29 06:12:21.685  INFO 1 --- [SpringContextShutdownHook] j.LocalContainerEntityManagerFactoryBean : Closing JPA EntityManagerFactory for persistence unit 'default'
2020-03-29 06:12:21.710  INFO 1 --- [SpringContextShutdownHook] com.zaxxer.hikari.HikariDataSource       : HikariPool-1 - Shutdown initiated...
2020-03-29 06:12:21.794  INFO 1 --- [SpringContextShutdownHook] com.zaxxer.hikari.HikariDataSource       : HikariPool-1 - Shutdown completed.
2020-03-29 06:14:52.884  INFO 1 --- [main] c.t.TransactionProcessorApplication      : Starting TransactionProcessorApplication v0.0.1-SNAPSHOT on 4be44d6d63ff with PID 1 (/app.war started by root in /)
2020-03-29 06:14:52.911 DEBUG 1 --- [main] c.t.TransactionProcessorApplication      : Running with Spring Boot v2.2.6.RELEASE, Spring v5.2.5.RELEASE
2020-03-29 06:14:52.930  INFO 1 --- [main] c.t.TransactionProcessorApplication      : No active profile set, falling back to default profiles: default
2020-03-29 06:14:56.946  INFO 1 --- [main] .s.d.r.c.RepositoryConfigurationDelegate : Bootstrapping Spring Data JPA repositories in DEFAULT mode.
2020-03-29 06:14:57.307  INFO 1 --- [main] .s.d.r.c.RepositoryConfigurationDelegate : Finished Spring Data repository scanning in 309ms. Found 4 JPA repository interfaces.
2020-03-29 06:15:00.846  INFO 1 --- [main] o.s.b.w.embedded.tomcat.TomcatWebServer  : Tomcat initialized with port(s): 8080 (http)
2020-03-29 06:15:00.944  INFO 1 --- [main] o.apache.catalina.core.StandardService   : Starting service [Tomcat]
2020-03-29 06:15:00.952  INFO 1 --- [main] org.apache.catalina.core.StandardEngine  : Starting Servlet engine: [Apache Tomcat/9.0.33]
2020-03-29 06:15:08.926  INFO 1 --- [main] org.apache.jasper.servlet.TldScanner     : At least one JAR was scanned for TLDs yet contained no TLDs. Enable debug logging for this logger for a complete list of JARs that were scanned but no TLDs were found in them. Skipping unneeded JARs during scanning can improve startup time and JSP compilation time.
2020-03-29 06:15:10.481  INFO 1 --- [main] o.a.c.c.C.[Tomcat].[localhost].[/]       : Initializing Spring embedded WebApplicationContext
2020-03-29 06:15:10.486  INFO 1 --- [main] o.s.web.context.ContextLoader            : Root WebApplicationContext: initialization completed in 17063 ms
2020-03-29 06:15:11.202  INFO 1 --- [main] com.zaxxer.hikari.HikariDataSource       : HikariPool-1 - Starting...
2020-03-29 06:15:11.676  INFO 1 --- [main] com.zaxxer.hikari.HikariDataSource       : HikariPool-1 - Start completed.
2020-03-29 06:15:12.063  INFO 1 --- [main] o.hibernate.jpa.internal.util.LogHelper  : HHH000204: Processing PersistenceUnitInfo [name: default]
2020-03-29 06:15:12.455  INFO 1 --- [main] org.hibernate.Version                    : HHH000412: Hibernate ORM core version 5.4.12.Final
2020-03-29 06:15:13.308  INFO 1 --- [main] o.hibernate.annotations.common.Version   : HCANN000001: Hibernate Commons Annotations {5.1.0.Final}
2020-03-29 06:15:13.918  INFO 1 --- [main] org.hibernate.dialect.Dialect            : HHH000400: Using dialect: org.hibernate.dialect.PostgreSQL10Dialect
2020-03-29 06:15:17.081  INFO 1 --- [main] o.h.e.t.j.p.i.JtaPlatformInitiator       : HHH000490: Using JtaPlatform implementation: [org.hibernate.engine.transaction.jta.platform.internal.NoJtaPlatform]
2020-03-29 06:15:17.121  INFO 1 --- [main] j.LocalContainerEntityManagerFactoryBean : Initialized JPA EntityManagerFactory for persistence unit 'default'
2020-03-29 06:15:19.474  WARN 1 --- [main] JpaBaseConfiguration$JpaWebConfiguration : spring.jpa.open-in-view is enabled by default. Therefore, database queries may be performed during view rendering. Explicitly configure spring.jpa.open-in-view to disable this warning
2020-03-29 06:15:21.101  INFO 1 --- [main] o.s.s.concurrent.ThreadPoolTaskExecutor  : Initializing ExecutorService 'applicationTaskExecutor'
2020-03-29 06:15:22.498  INFO 1 --- [main] o.s.b.w.embedded.tomcat.TomcatWebServer  : Tomcat started on port(s): 8080 (http) with context path ''
2020-03-29 06:15:22.517  INFO 1 --- [main] c.t.TransactionProcessorApplication      : Started TransactionProcessorApplication in 33.869 seconds (JVM running for 37.496)
2020-03-29 06:15:38.882  INFO 1 --- [SpringContextShutdownHook] o.s.s.concurrent.ThreadPoolTaskExecutor  : Shutting down ExecutorService 'applicationTaskExecutor'
2020-03-29 06:15:38.906  INFO 1 --- [SpringContextShutdownHook] j.LocalContainerEntityManagerFactoryBean : Closing JPA EntityManagerFactory for persistence unit 'default'
2020-03-29 06:15:38.932  INFO 1 --- [SpringContextShutdownHook] com.zaxxer.hikari.HikariDataSource       : HikariPool-1 - Shutdown initiated...
2020-03-29 06:15:39.026  INFO 1 --- [SpringContextShutdownHook] com.zaxxer.hikari.HikariDataSource       : HikariPool-1 - Shutdown completed.
2020-03-29 06:18:03.722  INFO 1 --- [main] c.t.TransactionProcessorApplication      : Starting TransactionProcessorApplication v0.0.1-SNAPSHOT on e46e5bbd3485 with PID 1 (/app.war started by root in /)
2020-03-29 06:18:03.759 DEBUG 1 --- [main] c.t.TransactionProcessorApplication      : Running with Spring Boot v2.2.6.RELEASE, Spring v5.2.5.RELEASE
2020-03-29 06:18:03.772  INFO 1 --- [main] c.t.TransactionProcessorApplication      : No active profile set, falling back to default profiles: default
2020-03-29 06:18:08.885  INFO 1 --- [main] .s.d.r.c.RepositoryConfigurationDelegate : Bootstrapping Spring Data JPA repositories in DEFAULT mode.
2020-03-29 06:18:09.094  INFO 1 --- [main] .s.d.r.c.RepositoryConfigurationDelegate : Finished Spring Data repository scanning in 160ms. Found 4 JPA repository interfaces.
2020-03-29 06:18:10.655  INFO 1 --- [main] o.s.b.w.embedded.tomcat.TomcatWebServer  : Tomcat initialized with port(s): 8080 (http)
2020-03-29 06:18:10.686  INFO 1 --- [main] o.apache.catalina.core.StandardService   : Starting service [Tomcat]
2020-03-29 06:18:10.694  INFO 1 --- [main] org.apache.catalina.core.StandardEngine  : Starting Servlet engine: [Apache Tomcat/9.0.33]
2020-03-29 06:18:19.436  INFO 1 --- [main] org.apache.jasper.servlet.TldScanner     : At least one JAR was scanned for TLDs yet contained no TLDs. Enable debug logging for this logger for a complete list of JARs that were scanned but no TLDs were found in them. Skipping unneeded JARs during scanning can improve startup time and JSP compilation time.
2020-03-29 06:18:20.489  INFO 1 --- [main] o.a.c.c.C.[Tomcat].[localhost].[/]       : Initializing Spring embedded WebApplicationContext
2020-03-29 06:18:20.492  INFO 1 --- [main] o.s.web.context.ContextLoader            : Root WebApplicationContext: initialization completed in 16406 ms
2020-03-29 06:18:21.190  INFO 1 --- [main] com.zaxxer.hikari.HikariDataSource       : HikariPool-1 - Starting...
2020-03-29 06:18:21.752  INFO 1 --- [main] com.zaxxer.hikari.HikariDataSource       : HikariPool-1 - Start completed.
2020-03-29 06:18:22.053  INFO 1 --- [main] o.hibernate.jpa.internal.util.LogHelper  : HHH000204: Processing PersistenceUnitInfo [name: default]
2020-03-29 06:18:22.221  INFO 1 --- [main] org.hibernate.Version                    : HHH000412: Hibernate ORM core version 5.4.12.Final
2020-03-29 06:18:22.464  INFO 1 --- [main] o.hibernate.annotations.common.Version   : HCANN000001: Hibernate Commons Annotations {5.1.0.Final}
2020-03-29 06:18:22.687  INFO 1 --- [main] org.hibernate.dialect.Dialect            : HHH000400: Using dialect: org.hibernate.dialect.PostgreSQL10Dialect
2020-03-29 06:18:25.832  INFO 1 --- [main] o.h.e.t.j.p.i.JtaPlatformInitiator       : HHH000490: Using JtaPlatform implementation: [org.hibernate.engine.transaction.jta.platform.internal.NoJtaPlatform]
2020-03-29 06:18:25.880  INFO 1 --- [main] j.LocalContainerEntityManagerFactoryBean : Initialized JPA EntityManagerFactory for persistence unit 'default'
2020-03-29 06:18:28.197  WARN 1 --- [main] JpaBaseConfiguration$JpaWebConfiguration : spring.jpa.open-in-view is enabled by default. Therefore, database queries may be performed during view rendering. Explicitly configure spring.jpa.open-in-view to disable this warning
2020-03-29 06:18:29.047  INFO 1 --- [main] o.s.s.concurrent.ThreadPoolTaskExecutor  : Initializing ExecutorService 'applicationTaskExecutor'
2020-03-29 06:18:30.642  INFO 1 --- [main] o.s.b.w.embedded.tomcat.TomcatWebServer  : Tomcat started on port(s): 8080 (http) with context path ''
2020-03-29 06:18:30.666  INFO 1 --- [main] c.t.TransactionProcessorApplication      : Started TransactionProcessorApplication in 30.26 seconds (JVM running for 34.165)
2020-03-29 06:19:13.299  INFO 1 --- [SpringContextShutdownHook] o.s.s.concurrent.ThreadPoolTaskExecutor  : Shutting down ExecutorService 'applicationTaskExecutor'
2020-03-29 06:19:13.330  INFO 1 --- [SpringContextShutdownHook] j.LocalContainerEntityManagerFactoryBean : Closing JPA EntityManagerFactory for persistence unit 'default'
2020-03-29 06:19:13.359  INFO 1 --- [SpringContextShutdownHook] com.zaxxer.hikari.HikariDataSource       : HikariPool-1 - Shutdown initiated...
2020-03-29 06:19:13.461  INFO 1 --- [SpringContextShutdownHook] com.zaxxer.hikari.HikariDataSource       : HikariPool-1 - Shutdown completed.
2020-03-29 06:21:23.386  INFO 1 --- [main] c.t.TransactionProcessorApplication      : Starting TransactionProcessorApplication v0.0.1-SNAPSHOT on a17a1ba03202 with PID 1 (/app.war started by root in /)
2020-03-29 06:21:23.412 DEBUG 1 --- [main] c.t.TransactionProcessorApplication      : Running with Spring Boot v2.2.6.RELEASE, Spring v5.2.5.RELEASE
2020-03-29 06:21:23.418  INFO 1 --- [main] c.t.TransactionProcessorApplication      : No active profile set, falling back to default profiles: default
2020-03-29 06:21:28.394  INFO 1 --- [main] .s.d.r.c.RepositoryConfigurationDelegate : Bootstrapping Spring Data JPA repositories in DEFAULT mode.
2020-03-29 06:21:28.718  INFO 1 --- [main] .s.d.r.c.RepositoryConfigurationDelegate : Finished Spring Data repository scanning in 272ms. Found 4 JPA repository interfaces.
2020-03-29 06:21:32.297  INFO 1 --- [main] o.s.b.w.embedded.tomcat.TomcatWebServer  : Tomcat initialized with port(s): 8080 (http)
2020-03-29 06:21:32.416  INFO 1 --- [main] o.apache.catalina.core.StandardService   : Starting service [Tomcat]
2020-03-29 06:21:32.425  INFO 1 --- [main] org.apache.catalina.core.StandardEngine  : Starting Servlet engine: [Apache Tomcat/9.0.33]
2020-03-29 06:21:40.162  INFO 1 --- [main] org.apache.jasper.servlet.TldScanner     : At least one JAR was scanned for TLDs yet contained no TLDs. Enable debug logging for this logger for a complete list of JARs that were scanned but no TLDs were found in them. Skipping unneeded JARs during scanning can improve startup time and JSP compilation time.
2020-03-29 06:21:41.839  INFO 1 --- [main] o.a.c.c.C.[Tomcat].[localhost].[/]       : Initializing Spring embedded WebApplicationContext
2020-03-29 06:21:41.844  INFO 1 --- [main] o.s.web.context.ContextLoader            : Root WebApplicationContext: initialization completed in 17894 ms
2020-03-29 06:21:42.583  INFO 1 --- [main] com.zaxxer.hikari.HikariDataSource       : HikariPool-1 - Starting...
2020-03-29 06:21:43.305  INFO 1 --- [main] com.zaxxer.hikari.HikariDataSource       : HikariPool-1 - Start completed.
2020-03-29 06:21:43.719  INFO 1 --- [main] o.hibernate.jpa.internal.util.LogHelper  : HHH000204: Processing PersistenceUnitInfo [name: default]
2020-03-29 06:21:44.124  INFO 1 --- [main] org.hibernate.Version                    : HHH000412: Hibernate ORM core version 5.4.12.Final
2020-03-29 06:21:44.912  INFO 1 --- [main] o.hibernate.annotations.common.Version   : HCANN000001: Hibernate Commons Annotations {5.1.0.Final}
2020-03-29 06:21:45.599  INFO 1 --- [main] org.hibernate.dialect.Dialect            : HHH000400: Using dialect: org.hibernate.dialect.PostgreSQL10Dialect
2020-03-29 06:21:49.247  INFO 1 --- [main] o.h.e.t.j.p.i.JtaPlatformInitiator       : HHH000490: Using JtaPlatform implementation: [org.hibernate.engine.transaction.jta.platform.internal.NoJtaPlatform]
2020-03-29 06:21:49.287  INFO 1 --- [main] j.LocalContainerEntityManagerFactoryBean : Initialized JPA EntityManagerFactory for persistence unit 'default'
2020-03-29 06:21:52.213  WARN 1 --- [main] JpaBaseConfiguration$JpaWebConfiguration : spring.jpa.open-in-view is enabled by default. Therefore, database queries may be performed during view rendering. Explicitly configure spring.jpa.open-in-view to disable this warning
2020-03-29 06:21:53.026  INFO 1 --- [main] o.s.s.concurrent.ThreadPoolTaskExecutor  : Initializing ExecutorService 'applicationTaskExecutor'
2020-03-29 06:21:54.321  INFO 1 --- [main] o.s.b.w.embedded.tomcat.TomcatWebServer  : Tomcat started on port(s): 8080 (http) with context path ''
2020-03-29 06:21:54.336  INFO 1 --- [main] c.t.TransactionProcessorApplication      : Started TransactionProcessorApplication in 34.773 seconds (JVM running for 38.499)
2020-03-29 06:22:09.504  INFO 1 --- [SpringContextShutdownHook] o.s.s.concurrent.ThreadPoolTaskExecutor  : Shutting down ExecutorService 'applicationTaskExecutor'
2020-03-29 06:22:09.535  INFO 1 --- [SpringContextShutdownHook] j.LocalContainerEntityManagerFactoryBean : Closing JPA EntityManagerFactory for persistence unit 'default'
2020-03-29 06:22:09.561  INFO 1 --- [SpringContextShutdownHook] com.zaxxer.hikari.HikariDataSource       : HikariPool-1 - Shutdown initiated...
2020-03-29 06:22:09.651  INFO 1 --- [SpringContextShutdownHook] com.zaxxer.hikari.HikariDataSource       : HikariPool-1 - Shutdown completed.
2020-03-29 06:25:48.702  INFO 1 --- [main] c.t.TransactionProcessorApplication      : Starting TransactionProcessorApplication v0.0.1-SNAPSHOT on dc9827c248ec with PID 1 (/app.war started by root in /)
2020-03-29 06:25:48.757 DEBUG 1 --- [main] c.t.TransactionProcessorApplication      : Running with Spring Boot v2.2.6.RELEASE, Spring v5.2.5.RELEASE
2020-03-29 06:25:48.760  INFO 1 --- [main] c.t.TransactionProcessorApplication      : No active profile set, falling back to default profiles: default
2020-03-29 06:25:50.733  INFO 1 --- [main] .s.d.r.c.RepositoryConfigurationDelegate : Bootstrapping Spring Data JPA repositories in DEFAULT mode.
2020-03-29 06:25:50.850  INFO 1 --- [main] .s.d.r.c.RepositoryConfigurationDelegate : Finished Spring Data repository scanning in 97ms. Found 4 JPA repository interfaces.
2020-03-29 06:25:54.979  INFO 1 --- [main] o.s.b.w.embedded.tomcat.TomcatWebServer  : Tomcat initialized with port(s): 8080 (http)
2020-03-29 06:25:55.142  INFO 1 --- [main] o.apache.catalina.core.StandardService   : Starting service [Tomcat]
2020-03-29 06:25:55.158  INFO 1 --- [main] org.apache.catalina.core.StandardEngine  : Starting Servlet engine: [Apache Tomcat/9.0.33]
2020-03-29 06:26:03.020  INFO 1 --- [main] org.apache.jasper.servlet.TldScanner     : At least one JAR was scanned for TLDs yet contained no TLDs. Enable debug logging for this logger for a complete list of JARs that were scanned but no TLDs were found in them. Skipping unneeded JARs during scanning can improve startup time and JSP compilation time.
2020-03-29 06:26:04.623  INFO 1 --- [main] o.a.c.c.C.[Tomcat].[localhost].[/]       : Initializing Spring embedded WebApplicationContext
2020-03-29 06:26:04.631  INFO 1 --- [main] o.s.web.context.ContextLoader            : Root WebApplicationContext: initialization completed in 15597 ms
2020-03-29 06:26:06.066  INFO 1 --- [main] com.zaxxer.hikari.HikariDataSource       : HikariPool-1 - Starting...
2020-03-29 06:26:06.846  INFO 1 --- [main] com.zaxxer.hikari.HikariDataSource       : HikariPool-1 - Start completed.
2020-03-29 06:26:07.483  INFO 1 --- [main] o.hibernate.jpa.internal.util.LogHelper  : HHH000204: Processing PersistenceUnitInfo [name: default]
2020-03-29 06:26:07.836  INFO 1 --- [main] org.hibernate.Version                    : HHH000412: Hibernate ORM core version 5.4.12.Final
2020-03-29 06:26:08.492  INFO 1 --- [main] o.hibernate.annotations.common.Version   : HCANN000001: Hibernate Commons Annotations {5.1.0.Final}
2020-03-29 06:26:09.261  INFO 1 --- [main] org.hibernate.dialect.Dialect            : HHH000400: Using dialect: org.hibernate.dialect.PostgreSQL10Dialect
2020-03-29 06:26:12.819  INFO 1 --- [main] o.h.e.t.j.p.i.JtaPlatformInitiator       : HHH000490: Using JtaPlatform implementation: [org.hibernate.engine.transaction.jta.platform.internal.NoJtaPlatform]
2020-03-29 06:26:12.870  INFO 1 --- [main] j.LocalContainerEntityManagerFactoryBean : Initialized JPA EntityManagerFactory for persistence unit 'default'
2020-03-29 06:26:15.085  WARN 1 --- [main] JpaBaseConfiguration$JpaWebConfiguration : spring.jpa.open-in-view is enabled by default. Therefore, database queries may be performed during view rendering. Explicitly configure spring.jpa.open-in-view to disable this warning
2020-03-29 06:26:15.754  INFO 1 --- [main] o.s.s.concurrent.ThreadPoolTaskExecutor  : Initializing ExecutorService 'applicationTaskExecutor'
2020-03-29 06:26:16.916  INFO 1 --- [main] o.s.b.w.embedded.tomcat.TomcatWebServer  : Tomcat started on port(s): 8080 (http) with context path ''
2020-03-29 06:26:16.937  INFO 1 --- [main] c.t.TransactionProcessorApplication      : Started TransactionProcessorApplication in 30.622 seconds (JVM running for 35.172)
2020-03-29 06:26:33.843  INFO 1 --- [SpringContextShutdownHook] o.s.s.concurrent.ThreadPoolTaskExecutor  : Shutting down ExecutorService 'applicationTaskExecutor'
2020-03-29 06:26:33.858  INFO 1 --- [SpringContextShutdownHook] j.LocalContainerEntityManagerFactoryBean : Closing JPA EntityManagerFactory for persistence unit 'default'
2020-03-29 06:26:33.872  INFO 1 --- [SpringContextShutdownHook] com.zaxxer.hikari.HikariDataSource       : HikariPool-1 - Shutdown initiated...
2020-03-29 06:26:33.943  INFO 1 --- [SpringContextShutdownHook] com.zaxxer.hikari.HikariDataSource       : HikariPool-1 - Shutdown completed.
2020-03-29 06:28:22.019  INFO 1 --- [main] c.t.TransactionProcessorApplication      : Starting TransactionProcessorApplication v0.0.1-SNAPSHOT on e01a6889019f with PID 1 (/app.war started by root in /)
2020-03-29 06:28:22.041 DEBUG 1 --- [main] c.t.TransactionProcessorApplication      : Running with Spring Boot v2.2.6.RELEASE, Spring v5.2.5.RELEASE
2020-03-29 06:28:22.050  INFO 1 --- [main] c.t.TransactionProcessorApplication      : No active profile set, falling back to default profiles: default
2020-03-29 06:28:26.718  INFO 1 --- [main] .s.d.r.c.RepositoryConfigurationDelegate : Bootstrapping Spring Data JPA repositories in DEFAULT mode.
2020-03-29 06:28:27.158  INFO 1 --- [main] .s.d.r.c.RepositoryConfigurationDelegate : Finished Spring Data repository scanning in 379ms. Found 4 JPA repository interfaces.
2020-03-29 06:28:31.025  INFO 1 --- [main] o.s.b.w.embedded.tomcat.TomcatWebServer  : Tomcat initialized with port(s): 8080 (http)
2020-03-29 06:28:31.119  INFO 1 --- [main] o.apache.catalina.core.StandardService   : Starting service [Tomcat]
2020-03-29 06:28:31.130  INFO 1 --- [main] org.apache.catalina.core.StandardEngine  : Starting Servlet engine: [Apache Tomcat/9.0.33]
2020-03-29 06:28:38.319  INFO 1 --- [main] org.apache.jasper.servlet.TldScanner     : At least one JAR was scanned for TLDs yet contained no TLDs. Enable debug logging for this logger for a complete list of JARs that were scanned but no TLDs were found in them. Skipping unneeded JARs during scanning can improve startup time and JSP compilation time.
2020-03-29 06:28:40.449  INFO 1 --- [main] o.a.c.c.C.[Tomcat].[localhost].[/]       : Initializing Spring embedded WebApplicationContext
2020-03-29 06:28:40.455  INFO 1 --- [main] o.s.web.context.ContextLoader            : Root WebApplicationContext: initialization completed in 17821 ms
2020-03-29 06:28:41.764  INFO 1 --- [main] com.zaxxer.hikari.HikariDataSource       : HikariPool-1 - Starting...
2020-03-29 06:28:42.276  INFO 1 --- [main] com.zaxxer.hikari.HikariDataSource       : HikariPool-1 - Start completed.
2020-03-29 06:28:42.712  INFO 1 --- [main] o.hibernate.jpa.internal.util.LogHelper  : HHH000204: Processing PersistenceUnitInfo [name: default]
2020-03-29 06:28:43.159  INFO 1 --- [main] org.hibernate.Version                    : HHH000412: Hibernate ORM core version 5.4.12.Final
2020-03-29 06:28:44.031  INFO 1 --- [main] o.hibernate.annotations.common.Version   : HCANN000001: Hibernate Commons Annotations {5.1.0.Final}
2020-03-29 06:28:44.790  INFO 1 --- [main] org.hibernate.dialect.Dialect            : HHH000400: Using dialect: org.hibernate.dialect.PostgreSQL10Dialect
2020-03-29 06:28:49.035  INFO 1 --- [main] o.h.e.t.j.p.i.JtaPlatformInitiator       : HHH000490: Using JtaPlatform implementation: [org.hibernate.engine.transaction.jta.platform.internal.NoJtaPlatform]
2020-03-29 06:28:49.088  INFO 1 --- [main] j.LocalContainerEntityManagerFactoryBean : Initialized JPA EntityManagerFactory for persistence unit 'default'
2020-03-29 06:28:51.403  WARN 1 --- [main] JpaBaseConfiguration$JpaWebConfiguration : spring.jpa.open-in-view is enabled by default. Therefore, database queries may be performed during view rendering. Explicitly configure spring.jpa.open-in-view to disable this warning
2020-03-29 06:28:52.082  INFO 1 --- [main] o.s.s.concurrent.ThreadPoolTaskExecutor  : Initializing ExecutorService 'applicationTaskExecutor'
2020-03-29 06:28:53.249  INFO 1 --- [main] o.s.b.w.embedded.tomcat.TomcatWebServer  : Tomcat started on port(s): 8080 (http) with context path ''
2020-03-29 06:28:53.270  INFO 1 --- [main] c.t.TransactionProcessorApplication      : Started TransactionProcessorApplication in 35.418 seconds (JVM running for 38.869)
2020-03-29 06:29:13.793  INFO 1 --- [SpringContextShutdownHook] o.s.s.concurrent.ThreadPoolTaskExecutor  : Shutting down ExecutorService 'applicationTaskExecutor'
2020-03-29 06:29:13.818  INFO 1 --- [SpringContextShutdownHook] j.LocalContainerEntityManagerFactoryBean : Closing JPA EntityManagerFactory for persistence unit 'default'
2020-03-29 06:29:13.847  INFO 1 --- [SpringContextShutdownHook] com.zaxxer.hikari.HikariDataSource       : HikariPool-1 - Shutdown initiated...
2020-03-29 06:29:13.983  INFO 1 --- [SpringContextShutdownHook] com.zaxxer.hikari.HikariDataSource       : HikariPool-1 - Shutdown completed.
2020-03-29 06:31:15.367  INFO 1 --- [main] c.t.TransactionProcessorApplication      : Starting TransactionProcessorApplication v0.0.1-SNAPSHOT on 5e9acf47ba19 with PID 1 (/app.war started by root in /)
2020-03-29 06:31:15.374 DEBUG 1 --- [main] c.t.TransactionProcessorApplication      : Running with Spring Boot v2.2.6.RELEASE, Spring v5.2.5.RELEASE
2020-03-29 06:31:15.382  INFO 1 --- [main] c.t.TransactionProcessorApplication      : No active profile set, falling back to default profiles: default
2020-03-29 06:31:17.068  INFO 1 --- [main] .s.d.r.c.RepositoryConfigurationDelegate : Bootstrapping Spring Data JPA repositories in DEFAULT mode.
2020-03-29 06:31:17.205  INFO 1 --- [main] .s.d.r.c.RepositoryConfigurationDelegate : Finished Spring Data repository scanning in 106ms. Found 4 JPA repository interfaces.
2020-03-29 06:31:18.514  INFO 1 --- [main] o.s.b.w.embedded.tomcat.TomcatWebServer  : Tomcat initialized with port(s): 8080 (http)
2020-03-29 06:31:18.550  INFO 1 --- [main] o.apache.catalina.core.StandardService   : Starting service [Tomcat]
2020-03-29 06:31:18.553  INFO 1 --- [main] org.apache.catalina.core.StandardEngine  : Starting Servlet engine: [Apache Tomcat/9.0.33]
2020-03-29 06:31:26.452  INFO 1 --- [main] org.apache.jasper.servlet.TldScanner     : At least one JAR was scanned for TLDs yet contained no TLDs. Enable debug logging for this logger for a complete list of JARs that were scanned but no TLDs were found in them. Skipping unneeded JARs during scanning can improve startup time and JSP compilation time.
2020-03-29 06:31:28.266  INFO 1 --- [main] o.a.c.c.C.[Tomcat].[localhost].[/]       : Initializing Spring embedded WebApplicationContext
2020-03-29 06:31:28.274  INFO 1 --- [main] o.s.web.context.ContextLoader            : Root WebApplicationContext: initialization completed in 12708 ms
2020-03-29 06:31:29.716  INFO 1 --- [main] com.zaxxer.hikari.HikariDataSource       : HikariPool-1 - Starting...
2020-03-29 06:31:30.325  INFO 1 --- [main] com.zaxxer.hikari.HikariDataSource       : HikariPool-1 - Start completed.
2020-03-29 06:31:30.814  INFO 1 --- [main] o.hibernate.jpa.internal.util.LogHelper  : HHH000204: Processing PersistenceUnitInfo [name: default]
2020-03-29 06:31:31.305  INFO 1 --- [main] org.hibernate.Version                    : HHH000412: Hibernate ORM core version 5.4.12.Final
2020-03-29 06:31:32.203  INFO 1 --- [main] o.hibernate.annotations.common.Version   : HCANN000001: Hibernate Commons Annotations {5.1.0.Final}
2020-03-29 06:31:32.889  INFO 1 --- [main] org.hibernate.dialect.Dialect            : HHH000400: Using dialect: org.hibernate.dialect.PostgreSQL10Dialect
2020-03-29 06:31:37.209  INFO 1 --- [main] o.h.e.t.j.p.i.JtaPlatformInitiator       : HHH000490: Using JtaPlatform implementation: [org.hibernate.engine.transaction.jta.platform.internal.NoJtaPlatform]
2020-03-29 06:31:37.261  INFO 1 --- [main] j.LocalContainerEntityManagerFactoryBean : Initialized JPA EntityManagerFactory for persistence unit 'default'
2020-03-29 06:31:40.669  WARN 1 --- [main] JpaBaseConfiguration$JpaWebConfiguration : spring.jpa.open-in-view is enabled by default. Therefore, database queries may be performed during view rendering. Explicitly configure spring.jpa.open-in-view to disable this warning
2020-03-29 06:31:41.310  INFO 1 --- [main] o.s.s.concurrent.ThreadPoolTaskExecutor  : Initializing ExecutorService 'applicationTaskExecutor'
2020-03-29 06:31:43.433  INFO 1 --- [main] o.s.b.w.embedded.tomcat.TomcatWebServer  : Tomcat started on port(s): 8080 (http) with context path ''
2020-03-29 06:31:43.448  INFO 1 --- [main] c.t.TransactionProcessorApplication      : Started TransactionProcessorApplication in 31.206 seconds (JVM running for 35.629)
2020-03-29 06:54:55.919  INFO 1 --- [SpringContextShutdownHook] o.s.s.concurrent.ThreadPoolTaskExecutor  : Shutting down ExecutorService 'applicationTaskExecutor'
2020-03-29 06:54:56.034  INFO 1 --- [SpringContextShutdownHook] j.LocalContainerEntityManagerFactoryBean : Closing JPA EntityManagerFactory for persistence unit 'default'
2020-03-29 06:54:56.065  INFO 1 --- [SpringContextShutdownHook] com.zaxxer.hikari.HikariDataSource       : HikariPool-1 - Shutdown initiated...
2020-03-29 06:54:56.178  INFO 1 --- [SpringContextShutdownHook] com.zaxxer.hikari.HikariDataSource       : HikariPool-1 - Shutdown completed.
